<?xml version="1.0" encoding="UTF-8"?>
<!-- Generated by org.testng.reporters.JUnitReportReporter -->
<testsuite hostname="DESKTOP-204HOU3" failures="0" tests="1" name="TestCases.test" time="5.815" errors="0" timestamp="2022-12-09T12:30:06 IST" skipped="0">
  <testcase classname="TestCases.test" name="method1" time="5.815"/>
  <system-out/>
</testsuite> <!-- TestCases.test -->
